<?xml version="1.0" encoding="UTF-8"?>
<coverage generated="1586197274994" clover="3.2.0">
  <project timestamp="1586197274994" name="All files">
    <metrics statements="14" coveredstatements="14" conditionals="2" coveredconditionals="2" methods="8" coveredmethods="8" elements="24" coveredelements="24" complexity="0" loc="14" ncloc="14" packages="1" files="1" classes="1"/>
    <file name="items.dto.js" path="/Users/alanmarcell/dev/challenge-fullstack/packages/rest-api/src/resources/items/items.dto.js">
      <metrics statements="14" coveredstatements="14" conditionals="2" coveredconditionals="2" methods="8" coveredmethods="8"/>
      <line num="3" count="2" type="stmt"/>
      <line num="8" count="21" type="stmt"/>
      <line num="10" count="1" type="stmt"/>
      <line num="13" count="2" type="stmt"/>
      <line num="14" count="51" type="stmt"/>
      <line num="16" count="51" type="stmt"/>
      <line num="30" count="50" type="stmt"/>
      <line num="32" count="2" type="stmt"/>
      <line num="33" count="1" type="stmt"/>
      <line num="34" count="1" type="stmt"/>
      <line num="36" count="1" type="stmt"/>
      <line num="43" count="2" type="stmt"/>
      <line num="44" count="1" type="stmt"/>
      <line num="48" count="1" type="stmt"/>
    </file>
  </project>
</coverage>
