<?xml version="1.0" encoding="UTF-8"?>
<coverage generated="1586194122332" clover="3.2.0">
  <project timestamp="1586194122332" name="All files">
    <metrics statements="9" coveredstatements="9" conditionals="2" coveredconditionals="2" methods="5" coveredmethods="5" elements="16" coveredelements="16" complexity="0" loc="9" ncloc="9" packages="2" files="2" classes="2"/>
    <package name="items">
      <metrics statements="8" coveredstatements="8" conditionals="2" coveredconditionals="2" methods="5" coveredmethods="5"/>
      <file name="items.dto.js" path="/Users/alanmarcell/dev/challenge-fullstack/packages/rest-api/src/resources/items/items.dto.js">
        <metrics statements="8" coveredstatements="8" conditionals="2" coveredconditionals="2" methods="5" coveredmethods="5"/>
        <line num="3" count="21" type="stmt"/>
        <line num="5" count="1" type="stmt"/>
        <line num="8" count="1" type="stmt"/>
        <line num="9" count="1" type="stmt"/>
        <line num="11" count="1" type="stmt"/>
        <line num="12" count="50" type="stmt"/>
        <line num="14" count="50" type="stmt"/>
        <line num="28" count="1" type="stmt"/>
      </file>
    </package>
    <package name="items.__tests__">
      <metrics statements="1" coveredstatements="1" conditionals="0" coveredconditionals="0" methods="0" coveredmethods="0"/>
      <file name="items.mock.js" path="/Users/alanmarcell/dev/challenge-fullstack/packages/rest-api/src/resources/items/__tests__/items.mock.js">
        <metrics statements="1" coveredstatements="1" conditionals="0" coveredconditionals="0" methods="0" coveredmethods="0"/>
        <line num="1" count="1" type="stmt"/>
      </file>
    </package>
  </project>
</coverage>
