{"/Users/alanmarcell/dev/challenge-fullstack/packages/rest-api/src/resources/items/items.dto.js": {"path":"/Users/alanmarcell/dev/challenge-fullstack/packages/rest-api/src/resources/items/items.dto.js","statementMap":{"0":{"start":{"line":3,"column":15},"end":{"line":6,"column":1}},"1":{"start":{"line":8,"column":22},"end":{"line":11,"column":46}},"2":{"start":{"line":8,"column":36},"end":{"line":11,"column":46}},"3":{"start":{"line":8,"column":53},"end":{"line":8,"column":63}},"4":{"start":{"line":10,"column":32},"end":{"line":10,"column":65}},"5":{"start":{"line":13,"column":16},"end":{"line":28,"column":1}},"6":{"start":{"line":14,"column":17},"end":{"line":14,"column":54}},"7":{"start":{"line":16,"column":2},"end":{"line":27,"column":4}},"8":{"start":{"line":30,"column":17},"end":{"line":30,"column":92}},"9":{"start":{"line":30,"column":29},"end":{"line":30,"column":92}},"10":{"start":{"line":30,"column":47},"end":{"line":30,"column":62}},"11":{"start":{"line":32,"column":17},"end":{"line":41,"column":1}},"12":{"start":{"line":33,"column":21},"end":{"line":33,"column":44}},"13":{"start":{"line":34,"column":16},"end":{"line":34,"column":34}},"14":{"start":{"line":36,"column":2},"end":{"line":40,"column":4}},"15":{"start":{"line":43,"column":16},"end":{"line":52,"column":1}},"16":{"start":{"line":44,"column":15},"end":{"line":47,"column":4}},"17":{"start":{"line":48,"column":2},"end":{"line":51,"column":4}}},"fnMap":{"0":{"name":"(anonymous_0)","decl":{"start":{"line":8,"column":22},"end":{"line":8,"column":23}},"loc":{"start":{"line":8,"column":36},"end":{"line":11,"column":46}},"line":8},"1":{"name":"(anonymous_1)","decl":{"start":{"line":8,"column":42},"end":{"line":8,"column":43}},"loc":{"start":{"line":8,"column":53},"end":{"line":8,"column":63}},"line":8},"2":{"name":"(anonymous_2)","decl":{"start":{"line":10,"column":11},"end":{"line":10,"column":12}},"loc":{"start":{"line":10,"column":32},"end":{"line":10,"column":65}},"line":10},"3":{"name":"(anonymous_3)","decl":{"start":{"line":13,"column":16},"end":{"line":13,"column":17}},"loc":{"start":{"line":13,"column":28},"end":{"line":28,"column":1}},"line":13},"4":{"name":"(anonymous_4)","decl":{"start":{"line":30,"column":17},"end":{"line":30,"column":18}},"loc":{"start":{"line":30,"column":29},"end":{"line":30,"column":92}},"line":30},"5":{"name":"(anonymous_5)","decl":{"start":{"line":30,"column":35},"end":{"line":30,"column":36}},"loc":{"start":{"line":30,"column":47},"end":{"line":30,"column":62}},"line":30},"6":{"name":"(anonymous_6)","decl":{"start":{"line":32,"column":17},"end":{"line":32,"column":18}},"loc":{"start":{"line":32,"column":31},"end":{"line":41,"column":1}},"line":32},"7":{"name":"(anonymous_7)","decl":{"start":{"line":43,"column":16},"end":{"line":43,"column":17}},"loc":{"start":{"line":43,"column":49},"end":{"line":52,"column":1}},"line":43}},"branchMap":{"0":{"loc":{"start":{"line":22,"column":16},"end":{"line":22,"column":49}},"type":"cond-expr","locations":[{"start":{"line":22,"column":28},"end":{"line":22,"column":45}},{"start":{"line":22,"column":48},"end":{"line":22,"column":49}}],"line":22}},"s":{"0":2,"1":2,"2":1,"3":21,"4":1,"5":2,"6":51,"7":51,"8":2,"9":1,"10":50,"11":2,"12":1,"13":1,"14":1,"15":2,"16":1,"17":1},"f":{"0":1,"1":21,"2":1,"3":51,"4":1,"5":50,"6":1,"7":1},"b":{"0":[20,31]},"_coverageSchema":"1a1c01bbd47fc00a2c39e90264f33305004495a9","hash":"03bdb8554d165df396b00bcedf423f122a0db63c"}
}
