{"/Users/alanmarcell/dev/challenge-fullstack/packages/rest-api/src/resources/items/items.dto.js": {"path":"/Users/alanmarcell/dev/challenge-fullstack/packages/rest-api/src/resources/items/items.dto.js","statementMap":{"0":{"start":{"line":3,"column":22},"end":{"line":6,"column":46}},"1":{"start":{"line":3,"column":36},"end":{"line":6,"column":46}},"2":{"start":{"line":3,"column":53},"end":{"line":3,"column":63}},"3":{"start":{"line":5,"column":32},"end":{"line":5,"column":65}},"4":{"start":{"line":8,"column":17},"end":{"line":36,"column":1}},"5":{"start":{"line":9,"column":21},"end":{"line":9,"column":44}},"6":{"start":{"line":11,"column":16},"end":{"line":26,"column":33}},"7":{"start":{"line":12,"column":19},"end":{"line":12,"column":56}},"8":{"start":{"line":14,"column":4},"end":{"line":25,"column":6}},"9":{"start":{"line":28,"column":2},"end":{"line":35,"column":4}}},"fnMap":{"0":{"name":"(anonymous_0)","decl":{"start":{"line":3,"column":22},"end":{"line":3,"column":23}},"loc":{"start":{"line":3,"column":36},"end":{"line":6,"column":46}},"line":3},"1":{"name":"(anonymous_1)","decl":{"start":{"line":3,"column":42},"end":{"line":3,"column":43}},"loc":{"start":{"line":3,"column":53},"end":{"line":3,"column":63}},"line":3},"2":{"name":"(anonymous_2)","decl":{"start":{"line":5,"column":11},"end":{"line":5,"column":12}},"loc":{"start":{"line":5,"column":32},"end":{"line":5,"column":65}},"line":5},"3":{"name":"(anonymous_3)","decl":{"start":{"line":8,"column":17},"end":{"line":8,"column":18}},"loc":{"start":{"line":8,"column":31},"end":{"line":36,"column":1}},"line":8},"4":{"name":"(anonymous_4)","decl":{"start":{"line":11,"column":22},"end":{"line":11,"column":23}},"loc":{"start":{"line":11,"column":34},"end":{"line":26,"column":3}},"line":11}},"branchMap":{"0":{"loc":{"start":{"line":20,"column":18},"end":{"line":20,"column":51}},"type":"cond-expr","locations":[{"start":{"line":20,"column":30},"end":{"line":20,"column":47}},{"start":{"line":20,"column":50},"end":{"line":20,"column":51}}],"line":20}},"s":{"0":1,"1":1,"2":21,"3":1,"4":1,"5":1,"6":1,"7":50,"8":50,"9":1},"f":{"0":1,"1":21,"2":1,"3":1,"4":50},"b":{"0":[19,31]},"_coverageSchema":"1a1c01bbd47fc00a2c39e90264f33305004495a9","hash":"45946388d6b1dad27b58db690001d6b5d4421ca7"}
,"/Users/alanmarcell/dev/challenge-fullstack/packages/rest-api/src/resources/items/__tests__/items.mock.js": {"path":"/Users/alanmarcell/dev/challenge-fullstack/packages/rest-api/src/resources/items/__tests__/items.mock.js","statementMap":{"0":{"start":{"line":1,"column":28},"end":{"line":7108,"column":1}}},"fnMap":{},"branchMap":{},"s":{"0":1},"f":{},"b":{},"_coverageSchema":"1a1c01bbd47fc00a2c39e90264f33305004495a9","hash":"157f0317ff95008e663cb9bc08f15df636987a9b"}
}
