TN:
SF:src/resources/items/items.dto.js
FN:8,(anonymous_0)
FN:8,(anonymous_1)
FN:10,(anonymous_2)
FN:13,(anonymous_3)
FN:30,(anonymous_4)
FN:30,(anonymous_5)
FN:32,(anonymous_6)
FN:43,(anonymous_7)
FNF:8
FNH:8
FNDA:1,(anonymous_0)
FNDA:21,(anonymous_1)
FNDA:1,(anonymous_2)
FNDA:51,(anonymous_3)
FNDA:1,(anonymous_4)
FNDA:50,(anonymous_5)
FNDA:1,(anonymous_6)
FNDA:1,(anonymous_7)
DA:3,2
DA:8,21
DA:10,1
DA:13,2
DA:14,51
DA:16,51
DA:30,50
DA:32,2
DA:33,1
DA:34,1
DA:36,1
DA:43,2
DA:44,1
DA:48,1
LF:14
LH:14
BRDA:22,0,0,20
BRDA:22,0,1,31
BRF:2
BRH:2
end_of_record
